Using pre-set license
Built from '2020.3/staging' branch; Version is '2020.3.18f1 (a7d1c678663c) revision 10998214'; Using compiler version '192528614'; Build Type 'Release'
OS: 'Windows 10 Home; OS build 19043.1237; Version 2009; 64bit' Language: 'en' Physical Memory: 16333 MB
BatchMode: 1, IsHumanControllingUs: 0, StartBugReporterOnCrash: 0, Is64bit: 1, IsPro: 0

COMMAND LINE ARGUMENTS:
C:\Program Files\Unity\Hub\Editor\2020.3.18f1\Editor\Unity.exe
-adb2
-batchMode
-noUpm
-name
AssetImportWorker0
-projectPath
C:/Users/Adithya/Documents/GitHub/Test
-logFile
Logs/AssetImportWorker0.log
-srvPort
65194
Successfully changed project path to: C:/Users/Adithya/Documents/GitHub/Test
C:/Users/Adithya/Documents/GitHub/Test
Using Asset Import Pipeline V2.
Refreshing native plugins compatible for Editor in 26.74 ms, found 2 plugins.
Preloading 0 native plugins for Editor in 0.00 ms.
Initialize engine version: 2020.3.18f1 (a7d1c678663c)
[Subsystems] Discovering subsystems at path C:/Program Files/Unity/Hub/Editor/2020.3.18f1/Editor/Data/Resources/UnitySubsystems
[Subsystems] Discovering subsystems at path C:/Users/Adithya/Documents/GitHub/Test/Assets
GfxDevice: creating device client; threaded=0
Direct3D:
    Version:  Direct3D 11.0 [level 11.1]
    Renderer: NVIDIA GeForce RTX 2060 (ID=0x1e89)
    Vendor:   
    VRAM:     5967 MB
    Driver:   30.0.14.7196
Initialize mono
Mono path[0] = 'C:/Program Files/Unity/Hub/Editor/2020.3.18f1/Editor/Data/Managed'
Mono path[1] = 'C:/Program Files/Unity/Hub/Editor/2020.3.18f1/Editor/Data/MonoBleedingEdge/lib/mono/unityjit'
Mono config path = 'C:/Program Files/Unity/Hub/Editor/2020.3.18f1/Editor/Data/MonoBleedingEdge/etc'
Using monoOptions --debugger-agent=transport=dt_socket,embedding=1,server=y,suspend=n,address=127.0.0.1:56768
Begin MonoManager ReloadAssembly
Registering precompiled unity dll's ...
Register platform support module: C:/Program Files/Unity/Hub/Editor/2020.3.18f1/Editor/Data/PlaybackEngines/WebGLSupport/UnityEditor.WebGL.Extensions.dll
Register platform support module: C:/Program Files/Unity/Hub/Editor/2020.3.18f1/Editor/Data/PlaybackEngines/WindowsStandaloneSupport/UnityEditor.WindowsStandalone.Extensions.dll
Registered in 0.001823 seconds.
Native extension for WindowsStandalone target not found
Native extension for WebGL target not found
Refreshing native plugins compatible for Editor in 26.19 ms, found 2 plugins.
Preloading 0 native plugins for Editor in 0.00 ms.
Mono: successfully reloaded assembly
- Completed reload, in  0.914 seconds
Domain Reload Profiling:
	ReloadAssembly (914ms)
		BeginReloadAssembly (46ms)
			ExecutionOrderSort (0ms)
			DisableScriptedObjects (0ms)
			BackupInstance (0ms)
			ReleaseScriptingObjects (0ms)
			CreateAndSetChildDomain (1ms)
		EndReloadAssembly (343ms)
			LoadAssemblies (44ms)
			RebuildTransferFunctionScriptingTraits (0ms)
			SetupTypeCache (125ms)
			ReleaseScriptCaches (0ms)
			RebuildScriptCaches (28ms)
			SetupLoadedEditorAssemblies (131ms)
				LogAssemblyErrors (0ms)
				InitializePlatformSupportModulesInManaged (4ms)
				SetLoadedEditorAssemblies (0ms)
				RefreshPlugins (26ms)
				BeforeProcessingInitializeOnLoad (9ms)
				ProcessInitializeOnLoadAttributes (68ms)
				ProcessInitializeOnLoadMethodAttributes (23ms)
				AfterProcessingInitializeOnLoad (0ms)
				EditorAssembliesLoaded (0ms)
			ExecutionOrderSort2 (0ms)
			AwakeInstancesAfterBackupRestoration (0ms)
Platform modules already initialized, skipping
Registering precompiled user dll's ...
Registered in 0.002086 seconds.
Begin MonoManager ReloadAssembly
Native extension for WindowsStandalone target not found
Native extension for WebGL target not found
Refreshing native plugins compatible for Editor in 0.58 ms, found 2 plugins.
Preloading 0 native plugins for Editor in 0.00 ms.
Mono: successfully reloaded assembly
- Completed reload, in  0.921 seconds
Domain Reload Profiling:
	ReloadAssembly (922ms)
		BeginReloadAssembly (143ms)
			ExecutionOrderSort (0ms)
			DisableScriptedObjects (4ms)
			BackupInstance (0ms)
			ReleaseScriptingObjects (0ms)
			CreateAndSetChildDomain (20ms)
		EndReloadAssembly (711ms)
			LoadAssemblies (83ms)
			RebuildTransferFunctionScriptingTraits (0ms)
			SetupTypeCache (255ms)
			ReleaseScriptCaches (1ms)
			RebuildScriptCaches (41ms)
			SetupLoadedEditorAssemblies (253ms)
				LogAssemblyErrors (0ms)
				InitializePlatformSupportModulesInManaged (6ms)
				SetLoadedEditorAssemblies (0ms)
				RefreshPlugins (1ms)
				BeforeProcessingInitializeOnLoad (48ms)
				ProcessInitializeOnLoadAttributes (189ms)
				ProcessInitializeOnLoadMethodAttributes (3ms)
				AfterProcessingInitializeOnLoad (5ms)
				EditorAssembliesLoaded (0ms)
			ExecutionOrderSort2 (0ms)
			AwakeInstancesAfterBackupRestoration (6ms)
Platform modules already initialized, skipping
========================================================================
Worker process is ready to serve import requests
Launched and connected shader compiler UnityShaderCompiler.exe after 0.06 seconds
Refreshing native plugins compatible for Editor in 0.35 ms, found 2 plugins.
Preloading 0 native plugins for Editor in 0.00 ms.
Unloading 1396 Unused Serialized files (Serialized files now loaded: 0)
System memory in use before: 64.8 MB.
System memory in use after: 64.9 MB.

Unloading 16 unused Assets to reduce memory usage. Loaded Objects now: 1831.
Total: 2.600600 ms (FindLiveObjects: 0.162500 ms CreateObjectMapping: 0.033900 ms MarkObjects: 2.337100 ms  DeleteObjects: 0.066000 ms)

AssetImportParameters requested are different than current active one (requested -> active):
  custom:framework-win-MediaFoundation: 216162199b28c13a410421893ffa2e32 -> 
  custom:video-decoder-ogg-theora: a1e56fd34408186e4bbccfd4996cb3dc -> 
  custom:container-muxer-webm: aa71ff27fc2769a1b78a27578f13a17b -> 
  custom:container-demuxer-webm: 4f35f7cbe854078d1ac9338744f61a02 -> 
  custom:container-demuxer-ogg: 62fdf1f143b41e24485cea50d1cbac27 -> 
  custom:video-encoder-webm-vp8: eb34c28f22e8b96e1ab97ce403110664 -> 
  custom:video-decoder-webm-vp8: 9c59270c3fd7afecdb556c50c9e8de78 -> 
  custom:audio-decoder-ogg-vorbis: bf7c407c2cedff20999df2af8eb42d56 -> 
  custom:audio-encoder-webm-vorbis: bf7c407c2cedff20999df2af8eb42d56 -> 
========================================================================
Received Import Request.
  path: Assets/Tree Frog pre mirror_sub.fbx
  artifactKey: Guid(fb81c0f4a4a6a0c4aab909d7e26980c1) Importer(815301076,1909f56bfc062723c751e8b465ee728b)
Start importing Assets/Tree Frog pre mirror_sub.fbx using Guid(fb81c0f4a4a6a0c4aab909d7e26980c1) Importer(815301076,1909f56bfc062723c751e8b465ee728b)  -> (artifact id: '418ec3d317fbe338e4863236215b4806') in 0.333938 seconds 
  Import took 0.337608 seconds .

========================================================================
Received Import Request.
  Time since last request: 132.067330 seconds.
  path: Assets/Tree Frog pre mirror_sub.fbx
  artifactKey: Guid(fb81c0f4a4a6a0c4aab909d7e26980c1) Importer(815301076,1909f56bfc062723c751e8b465ee728b)
Start importing Assets/Tree Frog pre mirror_sub.fbx using Guid(fb81c0f4a4a6a0c4aab909d7e26980c1) Importer(815301076,1909f56bfc062723c751e8b465ee728b)  -> (artifact id: '5edace34a8847105d027369342aa8ae5') in 0.050994 seconds 
  Import took 0.055126 seconds .

========================================================================
Received Import Request.
  Time since last request: 83.907910 seconds.
  path: Assets/Tree Frog pre mirror_sub.fbx
  artifactKey: Guid(fb81c0f4a4a6a0c4aab909d7e26980c1) Importer(815301076,1909f56bfc062723c751e8b465ee728b)
Start importing Assets/Tree Frog pre mirror_sub.fbx using Guid(fb81c0f4a4a6a0c4aab909d7e26980c1) Importer(815301076,1909f56bfc062723c751e8b465ee728b)  -> (artifact id: 'd5e40b5c0e6586f5e723a9eb1e3e793d') in 0.045960 seconds 
  Import took 0.050102 seconds .

========================================================================
Received Import Request.
  Time since last request: 47.942541 seconds.
  path: Assets/Tree Frog pre mirror_sub.fbx
  artifactKey: Guid(fb81c0f4a4a6a0c4aab909d7e26980c1) Importer(815301076,1909f56bfc062723c751e8b465ee728b)
Start importing Assets/Tree Frog pre mirror_sub.fbx using Guid(fb81c0f4a4a6a0c4aab909d7e26980c1) Importer(815301076,1909f56bfc062723c751e8b465ee728b)  -> (artifact id: 'eebd033b0a1aee9ee9bc917e33ce5d0a') in 0.206639 seconds 
  Import took 0.210562 seconds .

========================================================================
Received Import Request.
  Time since last request: 102.320604 seconds.
  path: Assets/Tree Frog pre mirror_sub.fbx
  artifactKey: Guid(fb81c0f4a4a6a0c4aab909d7e26980c1) Importer(815301076,1909f56bfc062723c751e8b465ee728b)
Start importing Assets/Tree Frog pre mirror_sub.fbx using Guid(fb81c0f4a4a6a0c4aab909d7e26980c1) Importer(815301076,1909f56bfc062723c751e8b465ee728b)  -> (artifact id: 'd80bf1260b9793998ff43cc37be0874e') in 0.040165 seconds 
  Import took 0.043779 seconds .

========================================================================
Received Import Request.
  Time since last request: 76.194323 seconds.
  path: Assets/Tree Frog pre mirror_sub.fbx
  artifactKey: Guid(fb81c0f4a4a6a0c4aab909d7e26980c1) Importer(815301076,1909f56bfc062723c751e8b465ee728b)
Start importing Assets/Tree Frog pre mirror_sub.fbx using Guid(fb81c0f4a4a6a0c4aab909d7e26980c1) Importer(815301076,1909f56bfc062723c751e8b465ee728b)  -> (artifact id: '21df19c2b9f6e870df48e2767f3272ce') in 0.025480 seconds 
  Import took 0.028848 seconds .

========================================================================
Received Import Request.
  Time since last request: 0.017544 seconds.
  path: Assets/Tree Frog pre mirror_sub.fbx
  artifactKey: Guid(fb81c0f4a4a6a0c4aab909d7e26980c1) Importer(815301076,1909f56bfc062723c751e8b465ee728b)
Start importing Assets/Tree Frog pre mirror_sub.fbx using Guid(fb81c0f4a4a6a0c4aab909d7e26980c1) Importer(815301076,1909f56bfc062723c751e8b465ee728b)  -> (artifact id: '21df19c2b9f6e870df48e2767f3272ce') in 0.024714 seconds 
  Import took 0.027345 seconds .

AssetImportWorkerClient::OnTransportError - code=2 error=End of file
